2025-09-01 01:27:44.197 [main] INFO  c.h.t.TransactionApplication - Starting TransactionApplication using Java 17.0.15 with PID 2475 (/Users/qchen/Documents/Src/Novo/transactions/target/classes started by qchen in /Users/qchen/Documents/Src/Novo/transactions)
2025-09-01 01:27:44.212 [main] INFO  c.h.t.TransactionApplication - No active profile set, falling back to 1 default profile: "default"
2025-09-01 01:27:46.307 [main] INFO  o.s.d.r.c.RepositoryConfigurationDelegate - Bootstrapping Spring Data JPA repositories in DEFAULT mode.
2025-09-01 01:27:46.499 [main] INFO  o.s.d.r.c.RepositoryConfigurationDelegate - Finished Spring Data repository scanning in 180 ms. Found 1 JPA repository interfaces.
2025-09-01 01:27:47.601 [main] INFO  o.s.b.w.e.tomcat.TomcatWebServer - Tomcat initialized with port(s): 8080 (http)
2025-09-01 01:27:47.611 [main] INFO  o.a.catalina.core.StandardService - Starting service [Tomcat]
2025-09-01 01:27:47.611 [main] INFO  o.a.catalina.core.StandardEngine - Starting Servlet engine: [Apache Tomcat/10.1.8]
2025-09-01 01:27:47.799 [main] INFO  o.a.c.c.C.[.[.[/transaction-management] - Initializing Spring embedded WebApplicationContext
2025-09-01 01:27:47.801 [main] INFO  o.s.b.w.s.c.ServletWebServerApplicationContext - Root WebApplicationContext: initialization completed in 3451 ms
2025-09-01 01:27:48.199 [main] INFO  com.zaxxer.hikari.HikariDataSource - HikariPool-1 - Starting...
2025-09-01 01:27:48.463 [main] INFO  com.zaxxer.hikari.pool.HikariPool - HikariPool-1 - Added connection conn0: url=jdbc:h2:mem:testdb user=SA
2025-09-01 01:27:48.468 [main] INFO  com.zaxxer.hikari.HikariDataSource - HikariPool-1 - Start completed.
2025-09-01 01:27:48.496 [main] INFO  o.s.b.a.h.H2ConsoleAutoConfiguration - H2 console available at '/h2-console'. Database available at 'jdbc:h2:mem:testdb'
2025-09-01 01:27:49.102 [main] INFO  o.s.o.j.p.SpringPersistenceUnitInfo - No LoadTimeWeaver setup: ignoring JPA class transformer
2025-09-01 01:27:49.948 [main] DEBUG org.hibernate.SQL - 
    create table transactions (
        id bigint generated by default as identity,
        amount numeric(38,2) not null,
        category varchar(100),
        description varchar(255),
        transaction_date timestamp(6),
        transaction_reference varchar(50),
        type varchar(255),
        primary key (id)
    )
2025-09-01 01:27:49.986 [main] DEBUG org.hibernate.SQL - 
    alter table if exists transactions 
       drop constraint if exists UK_94m9euoxupnom1p8mtwmk9q4g
2025-09-01 01:27:49.988 [main] DEBUG org.hibernate.SQL - 
    alter table if exists transactions 
       add constraint UK_94m9euoxupnom1p8mtwmk9q4g unique (transaction_reference)
2025-09-01 01:27:49.993 [main] INFO  o.s.o.j.LocalContainerEntityManagerFactoryBean - Initialized JPA EntityManagerFactory for persistence unit 'default'
2025-09-01 01:27:50.589 [main] INFO  o.s.d.j.r.query.QueryEnhancerFactory - Hibernate is in classpath; If applicable, HQL parser will be used.
2025-09-01 01:27:51.456 [main] WARN  o.s.b.a.o.j.JpaBaseConfiguration$JpaWebConfiguration - spring.jpa.open-in-view is enabled by default. Therefore, database queries may be performed during view rendering. Explicitly configure spring.jpa.open-in-view to disable this warning
2025-09-01 01:27:52.645 [main] INFO  o.s.b.a.e.web.EndpointLinksResolver - Exposing 13 endpoint(s) beneath base path '/actuator'
2025-09-01 01:27:52.917 [main] INFO  o.s.b.w.e.tomcat.TomcatWebServer - Tomcat started on port(s): 8080 (http) with context path '/transaction-management'
2025-09-01 01:27:52.965 [main] INFO  c.h.t.TransactionApplication - Started TransactionApplication in 9.741 seconds (process running for 10.385)
2025-09-01 01:27:57.952 [http-nio-8080-exec-1] INFO  o.a.c.c.C.[.[.[/transaction-management] - Initializing Spring DispatcherServlet 'dispatcherServlet'
2025-09-01 01:27:57.953 [http-nio-8080-exec-1] INFO  o.s.web.servlet.DispatcherServlet - Initializing Servlet 'dispatcherServlet'
2025-09-01 01:27:57.955 [http-nio-8080-exec-1] INFO  o.s.web.servlet.DispatcherServlet - Completed initialization in 2 ms
2025-09-01 01:28:04.047 [http-nio-8080-exec-9] INFO  o.s.api.AbstractOpenApiResource - Init duration for springdoc-openapi is: 1174 ms
2025-09-01 01:33:16.170 [SpringApplicationShutdownHook] INFO  o.s.o.j.LocalContainerEntityManagerFactoryBean - Closing JPA EntityManagerFactory for persistence unit 'default'
2025-09-01 01:33:16.173 [SpringApplicationShutdownHook] INFO  com.zaxxer.hikari.HikariDataSource - HikariPool-1 - Shutdown initiated...
2025-09-01 01:33:16.178 [SpringApplicationShutdownHook] INFO  com.zaxxer.hikari.HikariDataSource - HikariPool-1 - Shutdown completed.
2025-09-01 15:02:55.514 [main] INFO  c.h.t.TransactionApplication - Starting TransactionApplication using Java 17.0.15 with PID 18359 (/Users/qchen/Documents/Src/Novo/transactions/target/classes started by qchen in /Users/qchen/Documents/Src/Novo/transactions)
2025-09-01 15:02:55.518 [main] INFO  c.h.t.TransactionApplication - No active profile set, falling back to 1 default profile: "default"
2025-09-01 15:02:57.598 [main] INFO  o.s.d.r.c.RepositoryConfigurationDelegate - Bootstrapping Spring Data JPA repositories in DEFAULT mode.
2025-09-01 15:02:57.774 [main] INFO  o.s.d.r.c.RepositoryConfigurationDelegate - Finished Spring Data repository scanning in 169 ms. Found 1 JPA repository interfaces.
2025-09-01 15:02:58.849 [main] INFO  o.s.b.w.e.tomcat.TomcatWebServer - Tomcat initialized with port(s): 8080 (http)
2025-09-01 15:02:58.859 [main] INFO  o.a.catalina.core.StandardService - Starting service [Tomcat]
2025-09-01 15:02:58.859 [main] INFO  o.a.catalina.core.StandardEngine - Starting Servlet engine: [Apache Tomcat/10.1.8]
2025-09-01 15:02:59.020 [main] INFO  o.a.c.c.C.[.[.[/transaction-management] - Initializing Spring embedded WebApplicationContext
2025-09-01 15:02:59.022 [main] INFO  o.s.b.w.s.c.ServletWebServerApplicationContext - Root WebApplicationContext: initialization completed in 3392 ms
2025-09-01 15:02:59.234 [main] INFO  com.zaxxer.hikari.HikariDataSource - HikariPool-1 - Starting...
2025-09-01 15:02:59.446 [main] INFO  com.zaxxer.hikari.pool.HikariPool - HikariPool-1 - Added connection conn0: url=jdbc:h2:mem:testdb user=SA
2025-09-01 15:02:59.452 [main] INFO  com.zaxxer.hikari.HikariDataSource - HikariPool-1 - Start completed.
2025-09-01 15:02:59.476 [main] INFO  o.s.b.a.h.H2ConsoleAutoConfiguration - H2 console available at '/h2-console'. Database available at 'jdbc:h2:mem:testdb'
2025-09-01 15:03:00.126 [main] INFO  o.s.o.j.p.SpringPersistenceUnitInfo - No LoadTimeWeaver setup: ignoring JPA class transformer
2025-09-01 15:03:00.914 [main] DEBUG org.hibernate.SQL - 
    create table transactions (
        id bigint generated by default as identity,
        amount numeric(19,4) not null,
        category varchar(100),
        description varchar(255),
        transaction_date timestamp(6),
        transaction_reference varchar(50),
        type varchar(255),
        primary key (id)
    )
2025-09-01 15:03:00.925 [main] DEBUG org.hibernate.SQL - 
    create index idx_txn_ref 
       on transactions (transaction_reference)
2025-09-01 15:03:00.927 [main] DEBUG org.hibernate.SQL - 
    alter table if exists transactions 
       drop constraint if exists UK_94m9euoxupnom1p8mtwmk9q4g
2025-09-01 15:03:00.929 [main] DEBUG org.hibernate.SQL - 
    alter table if exists transactions 
       add constraint UK_94m9euoxupnom1p8mtwmk9q4g unique (transaction_reference)
2025-09-01 15:03:00.931 [main] INFO  o.s.o.j.LocalContainerEntityManagerFactoryBean - Initialized JPA EntityManagerFactory for persistence unit 'default'
2025-09-01 15:03:01.523 [main] INFO  o.s.d.j.r.query.QueryEnhancerFactory - Hibernate is in classpath; If applicable, HQL parser will be used.
2025-09-01 15:03:02.398 [main] WARN  o.s.b.a.o.j.JpaBaseConfiguration$JpaWebConfiguration - spring.jpa.open-in-view is enabled by default. Therefore, database queries may be performed during view rendering. Explicitly configure spring.jpa.open-in-view to disable this warning
2025-09-01 15:03:03.224 [main] INFO  o.s.b.a.e.web.EndpointLinksResolver - Exposing 13 endpoint(s) beneath base path '/actuator'
2025-09-01 15:03:03.436 [main] INFO  o.s.b.w.e.tomcat.TomcatWebServer - Tomcat started on port(s): 8080 (http) with context path '/transaction-management'
2025-09-01 15:03:03.469 [main] INFO  c.h.t.TransactionApplication - Started TransactionApplication in 8.931 seconds (process running for 9.566)
2025-09-01 15:03:22.327 [http-nio-8080-exec-1] INFO  o.a.c.c.C.[.[.[/transaction-management] - Initializing Spring DispatcherServlet 'dispatcherServlet'
2025-09-01 15:03:22.328 [http-nio-8080-exec-1] INFO  o.s.web.servlet.DispatcherServlet - Initializing Servlet 'dispatcherServlet'
2025-09-01 15:03:22.330 [http-nio-8080-exec-1] INFO  o.s.web.servlet.DispatcherServlet - Completed initialization in 2 ms
2025-09-01 15:04:35.201 [http-nio-8080-exec-6] INFO  o.s.api.AbstractOpenApiResource - Init duration for springdoc-openapi is: 936 ms
2025-09-01 15:04:41.930 [http-nio-8080-exec-5] DEBUG org.hibernate.SQL - 
    select
        t1_0.id 
    from
        transactions t1_0 
    where
        t1_0.transaction_reference=? fetch first ? rows only
2025-09-01 15:04:41.984 [http-nio-8080-exec-5] DEBUG org.hibernate.SQL - 
    select
        t1_0.id,
        t1_0.amount,
        t1_0.category,
        t1_0.description,
        t1_0.transaction_date,
        t1_0.transaction_reference,
        t1_0.type 
    from
        transactions t1_0 
    where
        t1_0.id=?
2025-09-01 15:04:42.004 [http-nio-8080-exec-5] DEBUG org.hibernate.SQL - 
    insert 
    into
        transactions
        (amount,category,description,transaction_date,transaction_reference,type,id) 
    values
        (?,?,?,?,?,?,default)
2025-09-01 15:04:42.035 [http-nio-8080-exec-5] INFO  c.h.t.c.TransactionController - Created transaction, ref: REF123456, id: 1, status: 201, cost: 176 ms
2025-09-01 15:04:46.257 [http-nio-8080-exec-7] DEBUG org.hibernate.SQL - 
    select
        t1_0.id 
    from
        transactions t1_0 
    where
        t1_0.transaction_reference=? fetch first ? rows only
2025-09-01 15:04:46.267 [http-nio-8080-exec-7] INFO  c.h.t.c.TransactionController - Created transaction, ref: REF123456, id: null, status: 409, cost: 13 ms
2025-09-01 15:04:56.714 [http-nio-8080-exec-8] DEBUG org.hibernate.SQL - 
    select
        t1_0.id 
    from
        transactions t1_0 
    where
        t1_0.transaction_reference=? fetch first ? rows only
2025-09-01 15:04:56.715 [http-nio-8080-exec-8] INFO  c.h.t.c.TransactionController - Created transaction, ref: REF123456, id: null, status: 409, cost: 2 ms
2025-09-01 15:05:06.668 [http-nio-8080-exec-9] DEBUG org.hibernate.SQL - 
    select
        t1_0.id 
    from
        transactions t1_0 
    where
        t1_0.transaction_reference=? fetch first ? rows only
2025-09-01 15:05:06.669 [http-nio-8080-exec-9] INFO  c.h.t.c.TransactionController - Created transaction, ref: REF123456, id: null, status: 409, cost: 2 ms
2025-09-01 15:05:13.318 [http-nio-8080-exec-10] DEBUG org.hibernate.SQL - 
    select
        t1_0.id 
    from
        transactions t1_0 
    where
        t1_0.transaction_reference=? fetch first ? rows only
2025-09-01 15:05:13.324 [http-nio-8080-exec-10] DEBUG org.hibernate.SQL - 
    insert 
    into
        transactions
        (amount,category,description,transaction_date,transaction_reference,type,id) 
    values
        (?,?,?,?,?,?,default)
2025-09-01 15:05:13.328 [http-nio-8080-exec-10] INFO  c.h.t.c.TransactionController - Created transaction, ref: REF1234567, id: 2, status: 201, cost: 11 ms
2025-09-01 15:05:24.122 [http-nio-8080-exec-2] DEBUG org.hibernate.SQL - 
    select
        t1_0.id,
        t1_0.amount,
        t1_0.category,
        t1_0.description,
        t1_0.transaction_date,
        t1_0.transaction_reference,
        t1_0.type 
    from
        transactions t1_0 
    where
        t1_0.id=?
2025-09-01 15:05:24.127 [http-nio-8080-exec-2] INFO  c.h.t.c.TransactionController - Get transaction by id: 1, response: <200 OK OK,CommonResponse(status=CommonResponse.Status(code=200, message=Success), result=Transaction(id=1, description=Grocery shopping, amount=100.5000, type=DEBIT, category=Food, transactionReference=REF123456, transactionDate=2025-09-01T15:04:41.990169)),[]>, time cost: 18
2025-09-01 15:05:29.240 [http-nio-8080-exec-3] DEBUG org.hibernate.SQL - 
    select
        t1_0.id,
        t1_0.amount,
        t1_0.category,
        t1_0.description,
        t1_0.transaction_date,
        t1_0.transaction_reference,
        t1_0.type 
    from
        transactions t1_0 
    where
        t1_0.id=?
2025-09-01 15:05:29.246 [http-nio-8080-exec-3] INFO  c.h.t.c.TransactionController - Get transaction by id: 2, response: <200 OK OK,CommonResponse(status=CommonResponse.Status(code=200, message=Success), result=Transaction(id=2, description=Grocery shopping, amount=100.5000, type=DEBIT, category=Food, transactionReference=REF1234567, transactionDate=2025-09-01T15:05:13.323963)),[]>, time cost: 10
2025-09-01 15:05:33.440 [http-nio-8080-exec-1] DEBUG org.hibernate.SQL - 
    select
        t1_0.id,
        t1_0.amount,
        t1_0.category,
        t1_0.description,
        t1_0.transaction_date,
        t1_0.transaction_reference,
        t1_0.type 
    from
        transactions t1_0 
    where
        t1_0.id=?
2025-09-01 15:05:33.457 [http-nio-8080-exec-1] INFO  c.h.t.c.TransactionController - Get transaction by id: 4, response: <404 NOT_FOUND Not Found,CommonResponse(status=CommonResponse.Status(code=404, message=Transaction not found with input parameter: 4), result=null),[]>, time cost: 21
2025-09-01 15:05:42.395 [http-nio-8080-exec-5] DEBUG org.hibernate.SQL - 
    select
        t1_0.id,
        t1_0.amount,
        t1_0.category,
        t1_0.description,
        t1_0.transaction_date,
        t1_0.transaction_reference,
        t1_0.type 
    from
        transactions t1_0 
    where
        t1_0.id=?
2025-09-01 15:05:42.400 [http-nio-8080-exec-5] INFO  c.h.t.c.TransactionController - Update transaction id: 1 with details: Transaction(id=1, description=Grocery shopping, amount=100.5, type=DEBIT, category=Food, transactionReference=REF123456, transactionDate=2025-09-01T07:05:40.659), response: <200 OK OK,CommonResponse(status=CommonResponse.Status(code=200, message=Success), result=Transaction(id=1, description=Grocery shopping, amount=100.5, type=DEBIT, category=Food, transactionReference=REF123456, transactionDate=2025-09-01T15:04:41.990169)),[]>, time cost: 12
2025-09-01 15:05:51.260 [http-nio-8080-exec-7] DEBUG org.hibernate.SQL - 
    select
        count(*) 
    from
        transactions t1_0 
    where
        t1_0.id=?
2025-09-01 15:05:51.269 [http-nio-8080-exec-7] DEBUG org.hibernate.SQL - 
    select
        t1_0.id,
        t1_0.amount,
        t1_0.category,
        t1_0.description,
        t1_0.transaction_date,
        t1_0.transaction_reference,
        t1_0.type 
    from
        transactions t1_0 
    where
        t1_0.id=?
2025-09-01 15:05:51.281 [http-nio-8080-exec-7] DEBUG org.hibernate.SQL - 
    delete 
    from
        transactions 
    where
        id=?
2025-09-01 15:05:51.283 [http-nio-8080-exec-7] INFO  c.h.t.c.TransactionController - Delete transaction id: 1, response: <200 OK OK,CommonResponse(status=CommonResponse.Status(code=200, message=Success), result=null),[]>, time cost: 113
2025-09-01 15:06:14.579 [http-nio-8080-exec-8] DEBUG org.hibernate.SQL - 
    select
        t1_0.id,
        t1_0.amount,
        t1_0.category,
        t1_0.description,
        t1_0.transaction_date,
        t1_0.transaction_reference,
        t1_0.type 
    from
        transactions t1_0 
    where
        t1_0.transaction_reference=?
2025-09-01 15:06:14.589 [http-nio-8080-exec-8] INFO  c.h.t.c.TransactionController - Get transaction by reference: REF1234567, response: <200 OK OK,CommonResponse(status=CommonResponse.Status(code=200, message=Success), result=Transaction(id=2, description=Grocery shopping, amount=100.5000, type=DEBIT, category=Food, transactionReference=REF1234567, transactionDate=2025-09-01T15:05:13.323963)),[]>, time cost: 40
2025-09-01 15:06:21.183 [http-nio-8080-exec-9] DEBUG org.hibernate.SQL - 
    select
        t1_0.id,
        t1_0.amount,
        t1_0.category,
        t1_0.description,
        t1_0.transaction_date,
        t1_0.transaction_reference,
        t1_0.type 
    from
        transactions t1_0 
    where
        t1_0.transaction_reference=?
2025-09-01 15:06:21.187 [http-nio-8080-exec-9] DEBUG org.hibernate.SQL - 
    delete 
    from
        transactions 
    where
        id=?
2025-09-01 15:06:21.188 [http-nio-8080-exec-9] INFO  c.h.t.c.TransactionController - Delete transaction by reference: REF1234567, response: <200 OK OK,CommonResponse(status=CommonResponse.Status(code=200, message=Success), result=null),[]>, time cost: 8
2025-09-01 15:06:26.678 [http-nio-8080-exec-10] DEBUG org.hibernate.SQL - 
    select
        t1_0.id,
        t1_0.amount,
        t1_0.category,
        t1_0.description,
        t1_0.transaction_date,
        t1_0.transaction_reference,
        t1_0.type 
    from
        transactions t1_0 
    where
        t1_0.transaction_reference=?
2025-09-01 15:06:26.682 [http-nio-8080-exec-10] INFO  c.h.t.c.TransactionController - Get transaction by reference: REF1234567, response: <404 NOT_FOUND Not Found,CommonResponse(status=CommonResponse.Status(code=404, message=Transaction not found with input parameter: REF1234567), result=null),[]>, time cost: 11
2025-09-01 15:14:54.842 [SpringApplicationShutdownHook] INFO  o.s.o.j.LocalContainerEntityManagerFactoryBean - Closing JPA EntityManagerFactory for persistence unit 'default'
2025-09-01 15:14:54.846 [SpringApplicationShutdownHook] INFO  com.zaxxer.hikari.HikariDataSource - HikariPool-1 - Shutdown initiated...
2025-09-01 15:14:54.850 [SpringApplicationShutdownHook] INFO  com.zaxxer.hikari.HikariDataSource - HikariPool-1 - Shutdown completed.
2025-09-01 15:15:24.603 [main] INFO  c.h.t.TransactionApplication - Starting TransactionApplication using Java 17.0.15 with PID 22242 (/Users/qchen/Documents/Src/Novo/transactions/target/classes started by qchen in /Users/qchen/Documents/Src/Novo/transactions)
2025-09-01 15:15:24.606 [main] INFO  c.h.t.TransactionApplication - No active profile set, falling back to 1 default profile: "default"
2025-09-01 15:15:26.629 [main] INFO  o.s.d.r.c.RepositoryConfigurationDelegate - Bootstrapping Spring Data JPA repositories in DEFAULT mode.
2025-09-01 15:15:26.791 [main] INFO  o.s.d.r.c.RepositoryConfigurationDelegate - Finished Spring Data repository scanning in 142 ms. Found 1 JPA repository interfaces.
2025-09-01 15:15:27.919 [main] INFO  o.s.b.w.e.tomcat.TomcatWebServer - Tomcat initialized with port(s): 8080 (http)
2025-09-01 15:15:27.928 [main] INFO  o.a.catalina.core.StandardService - Starting service [Tomcat]
2025-09-01 15:15:27.929 [main] INFO  o.a.catalina.core.StandardEngine - Starting Servlet engine: [Apache Tomcat/10.1.8]
2025-09-01 15:15:28.096 [main] INFO  o.a.c.c.C.[.[.[/transaction-management] - Initializing Spring embedded WebApplicationContext
2025-09-01 15:15:28.096 [main] INFO  o.s.b.w.s.c.ServletWebServerApplicationContext - Root WebApplicationContext: initialization completed in 3389 ms
2025-09-01 15:15:28.463 [main] INFO  com.zaxxer.hikari.HikariDataSource - HikariPool-1 - Starting...
2025-09-01 15:15:28.688 [main] INFO  com.zaxxer.hikari.pool.HikariPool - HikariPool-1 - Added connection conn0: url=jdbc:h2:mem:testdb user=SA
2025-09-01 15:15:28.694 [main] INFO  com.zaxxer.hikari.HikariDataSource - HikariPool-1 - Start completed.
2025-09-01 15:15:28.722 [main] INFO  o.s.b.a.h.H2ConsoleAutoConfiguration - H2 console available at '/h2-console'. Database available at 'jdbc:h2:mem:testdb'
2025-09-01 15:15:29.332 [main] INFO  o.s.o.j.p.SpringPersistenceUnitInfo - No LoadTimeWeaver setup: ignoring JPA class transformer
2025-09-01 15:15:30.151 [main] DEBUG org.hibernate.SQL - 
    create table transactions (
        id bigint generated by default as identity,
        amount numeric(19,4) not null,
        category varchar(100),
        description varchar(255),
        transaction_date timestamp(6),
        transaction_reference varchar(50),
        type varchar(255),
        primary key (id)
    )
2025-09-01 15:15:30.163 [main] DEBUG org.hibernate.SQL - 
    create index idx_txn_ref 
       on transactions (transaction_reference)
2025-09-01 15:15:30.166 [main] DEBUG org.hibernate.SQL - 
    alter table if exists transactions 
       drop constraint if exists UK_94m9euoxupnom1p8mtwmk9q4g
2025-09-01 15:15:30.166 [main] DEBUG org.hibernate.SQL - 
    alter table if exists transactions 
       add constraint UK_94m9euoxupnom1p8mtwmk9q4g unique (transaction_reference)
2025-09-01 15:15:30.168 [main] INFO  o.s.o.j.LocalContainerEntityManagerFactoryBean - Initialized JPA EntityManagerFactory for persistence unit 'default'
2025-09-01 15:15:30.812 [main] INFO  o.s.d.j.r.query.QueryEnhancerFactory - Hibernate is in classpath; If applicable, HQL parser will be used.
2025-09-01 15:15:31.537 [main] WARN  o.s.b.a.o.j.JpaBaseConfiguration$JpaWebConfiguration - spring.jpa.open-in-view is enabled by default. Therefore, database queries may be performed during view rendering. Explicitly configure spring.jpa.open-in-view to disable this warning
2025-09-01 15:15:32.310 [main] INFO  o.s.b.a.e.web.EndpointLinksResolver - Exposing 13 endpoint(s) beneath base path '/actuator'
2025-09-01 15:15:32.411 [main] INFO  o.s.b.w.e.tomcat.TomcatWebServer - Tomcat started on port(s): 8080 (http) with context path '/transaction-management'
2025-09-01 15:15:32.436 [main] INFO  c.h.t.TransactionApplication - Started TransactionApplication in 8.759 seconds (process running for 9.355)
2025-09-01 15:15:39.361 [http-nio-8080-exec-1] INFO  o.a.c.c.C.[.[.[/transaction-management] - Initializing Spring DispatcherServlet 'dispatcherServlet'
2025-09-01 15:15:39.362 [http-nio-8080-exec-1] INFO  o.s.web.servlet.DispatcherServlet - Initializing Servlet 'dispatcherServlet'
2025-09-01 15:15:39.366 [http-nio-8080-exec-1] INFO  o.s.web.servlet.DispatcherServlet - Completed initialization in 4 ms
2025-09-01 15:15:41.085 [http-nio-8080-exec-4] INFO  o.s.api.AbstractOpenApiResource - Init duration for springdoc-openapi is: 1201 ms
2025-09-01 15:15:46.541 [http-nio-8080-exec-5] WARN  c.h.t.c.TransactionController - If ID is provided in create request, it will be ignored and system-assigned.
2025-09-01 15:15:46.607 [http-nio-8080-exec-5] DEBUG org.hibernate.SQL - 
    select
        t1_0.id 
    from
        transactions t1_0 
    where
        t1_0.transaction_reference=? fetch first ? rows only
2025-09-01 15:15:46.658 [http-nio-8080-exec-5] DEBUG org.hibernate.SQL - 
    insert 
    into
        transactions
        (amount,category,description,transaction_date,transaction_reference,type,id) 
    values
        (?,?,?,?,?,?,default)
2025-09-01 15:15:46.682 [http-nio-8080-exec-5] INFO  c.h.t.c.TransactionController - Created transaction with request: Transaction(id=null, description=Grocery shopping, amount=100.5, type=DEBIT, category=Food, transactionReference=REF123456, transactionDate=null), response<201 CREATED Created,CommonResponse(status=CommonResponse.Status(code=200, message=Transaction created successfully), result=Transaction(id=1, description=Grocery shopping, amount=100.5, type=DEBIT, category=Food, transactionReference=REF123456, transactionDate=2025-09-01T15:15:46.644038)),[]>, time cost: 141
2025-09-01 15:16:00.143 [http-nio-8080-exec-6] DEBUG org.hibernate.SQL - 
    select
        t1_0.id,
        t1_0.amount,
        t1_0.category,
        t1_0.description,
        t1_0.transaction_date,
        t1_0.transaction_reference,
        t1_0.type 
    from
        transactions t1_0 
    where
        (
            ? is null 
            or lower(t1_0.category)=lower(?)
        ) 
        and (
            ? is null 
            or lower(t1_0.type)=lower(?)
        ) 
    order by
        t1_0.transaction_date desc offset ? rows fetch first ? rows only
2025-09-01 15:16:00.159 [http-nio-8080-exec-6] INFO  c.h.t.c.TransactionController - Get all transactions with filters - page: 0, size: 10, sortBy: transactionDate, direction: desc, category: null, type: DEBIT. Response: <200 OK OK,CommonResponse(status=CommonResponse.Status(code=200, message=Success), result=PagedResponse(content=[Transaction(id=1, description=Grocery shopping, amount=100.5000, type=DEBIT, category=Food, transactionReference=REF123456, transactionDate=2025-09-01T15:15:46.644038)], currentPage=0, totalPages=1, totalItems=1, pageSize=10)),[]>, time cost: 93
2025-09-01 15:16:08.933 [http-nio-8080-exec-7] DEBUG org.hibernate.SQL - 
    select
        t1_0.id,
        t1_0.amount,
        t1_0.category,
        t1_0.description,
        t1_0.transaction_date,
        t1_0.transaction_reference,
        t1_0.type 
    from
        transactions t1_0 
    where
        t1_0.id=?
2025-09-01 15:16:08.935 [http-nio-8080-exec-7] INFO  c.h.t.c.TransactionController - Get transaction by id: 1, response: <200 OK OK,CommonResponse(status=CommonResponse.Status(code=200, message=Success), result=Transaction(id=1, description=Grocery shopping, amount=100.5000, type=DEBIT, category=Food, transactionReference=REF123456, transactionDate=2025-09-01T15:15:46.644038)),[]>, time cost: 13
2025-09-01 15:16:20.606 [http-nio-8080-exec-8] DEBUG org.hibernate.SQL - 
    select
        t1_0.id,
        t1_0.amount,
        t1_0.category,
        t1_0.description,
        t1_0.transaction_date,
        t1_0.transaction_reference,
        t1_0.type 
    from
        transactions t1_0 
    where
        t1_0.id=?
2025-09-01 15:16:20.623 [http-nio-8080-exec-8] DEBUG org.hibernate.SQL - 
    update
        transactions 
    set
        amount=?,
        category=?,
        description=?,
        transaction_date=?,
        transaction_reference=?,
        type=? 
    where
        id=?
2025-09-01 15:16:20.643 [http-nio-8080-exec-8] INFO  c.h.t.c.TransactionController - Update transaction id: 1 with details: Transaction(id=null, description=Updated Grocery shopping, amount=100.5, type=DEBIT, category=Food, transactionReference=REF123456, transactionDate=null), response: <200 OK OK,CommonResponse(status=CommonResponse.Status(code=200, message=Success), result=Transaction(id=1, description=Updated Grocery shopping, amount=100.5, type=DEBIT, category=Food, transactionReference=REF123456, transactionDate=2025-09-01T15:15:46.644038)),[]>, time cost: 38
2025-09-01 15:16:29.643 [http-nio-8080-exec-9] DEBUG org.hibernate.SQL - 
    select
        t1_0.id,
        t1_0.amount,
        t1_0.category,
        t1_0.description,
        t1_0.transaction_date,
        t1_0.transaction_reference,
        t1_0.type 
    from
        transactions t1_0 
    where
        t1_0.transaction_reference=?
2025-09-01 15:16:29.645 [http-nio-8080-exec-9] INFO  c.h.t.c.TransactionController - Get transaction by reference: REF123456, response: <200 OK OK,CommonResponse(status=CommonResponse.Status(code=200, message=Success), result=Transaction(id=1, description=Updated Grocery shopping, amount=100.5000, type=DEBIT, category=Food, transactionReference=REF123456, transactionDate=2025-09-01T15:15:46.644038)),[]>, time cost: 8
2025-09-01 15:16:37.083 [http-nio-8080-exec-10] DEBUG org.hibernate.SQL - 
    select
        t1_0.id,
        t1_0.amount,
        t1_0.category,
        t1_0.description,
        t1_0.transaction_date,
        t1_0.transaction_reference,
        t1_0.type 
    from
        transactions t1_0 
    where
        t1_0.transaction_reference=?
2025-09-01 15:16:37.094 [http-nio-8080-exec-10] DEBUG org.hibernate.SQL - 
    delete 
    from
        transactions 
    where
        id=?
2025-09-01 15:16:37.097 [http-nio-8080-exec-10] INFO  c.h.t.c.TransactionController - Delete transaction by reference: REF123456, response: <200 OK OK,CommonResponse(status=CommonResponse.Status(code=200, message=Success), result=null),[]>, time cost: 16
2025-09-01 15:16:41.277 [http-nio-8080-exec-2] DEBUG org.hibernate.SQL - 
    select
        t1_0.id,
        t1_0.amount,
        t1_0.category,
        t1_0.description,
        t1_0.transaction_date,
        t1_0.transaction_reference,
        t1_0.type 
    from
        transactions t1_0 
    where
        t1_0.transaction_reference=?
2025-09-01 15:16:41.279 [http-nio-8080-exec-2] INFO  c.h.t.c.TransactionController - Get transaction by reference: REF123456, response: <404 NOT_FOUND Not Found,CommonResponse(status=CommonResponse.Status(code=404, message=Transaction not found with input parameter: REF123456), result=null),[]>, time cost: 3
2025-09-01 15:16:59.686 [SpringApplicationShutdownHook] INFO  o.s.o.j.LocalContainerEntityManagerFactoryBean - Closing JPA EntityManagerFactory for persistence unit 'default'
2025-09-01 15:16:59.688 [SpringApplicationShutdownHook] INFO  com.zaxxer.hikari.HikariDataSource - HikariPool-1 - Shutdown initiated...
2025-09-01 15:16:59.692 [SpringApplicationShutdownHook] INFO  com.zaxxer.hikari.HikariDataSource - HikariPool-1 - Shutdown completed.
